<?xml version="1.0" encoding="UTF-8"?>
<testsuite xmlns:xsi="http://www.w3.org/2001/XMLSchema-instance" xsi:noNamespaceSchemaLocation="https://maven.apache.org/surefire/maven-surefire-plugin/xsd/surefire-test-report.xsd" name="com.zhss.springboot.dao.UserDAOImplTest" time="7.131" tests="5" errors="0" skipped="0" failures="0">
  <properties>
[...]
</properties>
  <testcase name="testSaveUser" classname="com.zhss.springboot.dao.UserDAOImplTest" time="0.425"/>
  <testcase name="testUpdateUser" classname="com.zhss.springboot.dao.UserDAOImplTest" time="0.073"/>
  <testcase name="testListUsers" classname="com.zhss.springboot.dao.UserDAOImplTest" time="0.011"/>
  <testcase name="testRemoveUser" classname="com.zhss.springboot.dao.UserDAOImplTest" time="0.036"/>
  <testcase name="testGetUserById" classname="com.zhss.springboot.dao.UserDAOImplTest" time="0.009"/>
</testsuite>